[debug] [2024-01-09T07:46:08.348Z] ----------------------------------------------------------------------
[debug] [2024-01-09T07:46:08.353Z] Command:       /usr/local/bin/node /Users/FloatEmployee/.npm-global/bin/firebase init
[debug] [2024-01-09T07:46:08.354Z] CLI Version:   13.0.2
[debug] [2024-01-09T07:46:08.354Z] Platform:      darwin
[debug] [2024-01-09T07:46:08.354Z] Node Version:  v21.4.0
[debug] [2024-01-09T07:46:08.354Z] Time:          Tue Jan 09 2024 07:46:08 GMT+0000 (Greenwich Mean Time)
[debug] [2024-01-09T07:46:08.354Z] ----------------------------------------------------------------------
[debug] 
[debug] [2024-01-09T07:46:08.357Z] > command requires scopes: ["email","openid","https://www.googleapis.com/auth/cloudplatformprojects.readonly","https://www.googleapis.com/auth/firebase","https://www.googleapis.com/auth/cloud-platform"]
[debug] [2024-01-09T07:46:08.357Z] > authorizing via signed-in user (joshuamensah46@gmail.com)
[info] 
     ######## #### ########  ######## ########     ###     ######  ########
     ##        ##  ##     ## ##       ##     ##  ##   ##  ##       ##
     ######    ##  ########  ######   ########  #########  ######  ######
     ##        ##  ##    ##  ##       ##     ## ##     ##       ## ##
     ##       #### ##     ## ######## ########  ##     ##  ######  ########

You're about to initialize a Firebase project in this directory:

  /Users/FloatEmployee/Desktop/Programming/Getting-Started-with-Firebase-9-lesson-2

[info] 
=== Project Setup
[info] 
[info] First, let's associate this project directory with a Firebase project.
[info] You can create multiple project aliases by running firebase use --add, 
[info] but for now we'll just set up a default project.
[info] 
[debug] [2024-01-09T07:48:16.706Z] >>> [apiv2][query] GET https://firebase.googleapis.com/v1beta1/projects pageSize=100
[debug] [2024-01-09T07:48:17.543Z] <<< [apiv2][status] GET https://firebase.googleapis.com/v1beta1/projects 200
[debug] [2024-01-09T07:48:17.543Z] <<< [apiv2][body] GET https://firebase.googleapis.com/v1beta1/projects [omitted]
[info] i  Using project fir-9-test-fcc03 (Firebase 9 test) 
[info] 
=== Hosting Setup
[debug] [2024-01-09T07:48:23.303Z] >>> [apiv2][query] GET https://firebase.googleapis.com/v1beta1/projects/fir-9-test-fcc03 [none]
[debug] [2024-01-09T07:48:24.029Z] <<< [apiv2][status] GET https://firebase.googleapis.com/v1beta1/projects/fir-9-test-fcc03 200
[debug] [2024-01-09T07:48:24.030Z] <<< [apiv2][body] GET https://firebase.googleapis.com/v1beta1/projects/fir-9-test-fcc03 {"projectId":"fir-9-test-fcc03","projectNumber":"675877601826","displayName":"Firebase 9 test","name":"projects/fir-9-test-fcc03","resources":{"hostingSite":"fir-9-test-fcc03"},"state":"ACTIVE","etag":"1_14dc3f2d-8a8b-4021-b4bd-92a46acfea7c"}
[info] 
[info] Your public directory is the folder (relative to your project directory) that
[info] will contain Hosting assets to be uploaded with firebase deploy. If you
[info] have a build process for your assets, use your build's output directory.
[info] 
[debug] [2024-01-09T07:50:15.301Z] >>> [apiv2][query] GET https://www.gstatic.com/firebasejs/releases.json [none]
[debug] [2024-01-09T07:50:15.710Z] <<< [apiv2][status] GET https://www.gstatic.com/firebasejs/releases.json 200
[debug] [2024-01-09T07:50:15.710Z] <<< [apiv2][body] GET https://www.gstatic.com/firebasejs/releases.json {"current":{"version":"10.7.1","browserURL":"https://www.gstatic.com/firebasejs/10.7.1/firebase.js","packageURL":"https://www.gstatic.com/firebasejs/10.7.1/firebase.tgz"},"live":{"version":"10.7","browserURL":"https://www.gstatic.com/firebasejs/live/10.7/firebase.js","packageURL":"https://www.gstatic.com/firebasejs/live/10.7/firebase.tgz"},"components":{"analytics":"https://www.gstatic.com/firebasejs/10.7.1/firebase-analytics.js","app":"https://www.gstatic.com/firebasejs/10.7.1/firebase-app.js","app-check":"https://www.gstatic.com/firebasejs/10.7.1/firebase-app-check.js","auth":"https://www.gstatic.com/firebasejs/10.7.1/firebase-auth.js","auth/cordova":"https://www.gstatic.com/firebasejs/10.7.1/firebase-auth/cordova.js","functions":"https://www.gstatic.com/firebasejs/10.7.1/firebase-functions.js","firestore":"https://www.gstatic.com/firebasejs/10.7.1/firebase-firestore.js","firestore/lite":"https://www.gstatic.com/firebasejs/10.7.1/firebase-firestore/lite.js","installations":"https://www.gstatic.com/firebasejs/10.7.1/firebase-installations.js","storage":"https://www.gstatic.com/firebasejs/10.7.1/firebase-storage.js","performance":"https://www.gstatic.com/firebasejs/10.7.1/firebase-performance.js","remote-config":"https://www.gstatic.com/firebasejs/10.7.1/firebase-remote-config.js","messaging":"https://www.gstatic.com/firebasejs/10.7.1/firebase-messaging.js","messaging/sw":"https://www.gstatic.com/firebasejs/10.7.1/firebase-messaging/sw.js","database":"https://www.gstatic.com/firebasejs/10.7.1/firebase-database.js","firestore.memory":"https://www.gstatic.com/firebasejs/10.7.1/firebase-firestore.memory.js"}}
[info] ✔  Wrote public/index.html 
[info] 
[info] i  Didn't detect a .git folder. Assuming /Users/FloatEmployee/Desktop/Programming/Getting-Started-with-Firebase-9-lesson-2 is the project root. 
[info] i  Authorizing with GitHub to upload your service account to a GitHub repository's secrets store. 
[info] 
[info] Visit this URL on this device to log in:
[info] https://github.com/login/oauth/authorize?client_id=89cf50f02ac6aaed3484&state=444081366&redirect_uri=http%3A%2F%2Flocalhost%3A9005&scope=read%3Auser%20repo%20public_repo
[info] 
[info] Waiting for authentication...
[debug] [2024-01-09T07:50:49.436Z] >>> [apiv2][query] POST https://github.com/login/oauth/access_token [none]
[debug] [2024-01-09T07:50:49.437Z] >>> [apiv2][body] POST https://github.com/login/oauth/access_token [stream]
[debug] [2024-01-09T07:50:50.193Z] <<< [apiv2][status] POST https://github.com/login/oauth/access_token 200
[debug] [2024-01-09T07:50:50.193Z] <<< [apiv2][body] POST https://github.com/login/oauth/access_token {"access_token":"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","token_type":"bearer","scope":"read:user,repo"}
[debug] [2024-01-09T07:50:50.206Z] >>> [apiv2][query] GET https://api.github.com/user [none]
[debug] [2024-01-09T07:50:50.814Z] <<< [apiv2][status] GET https://api.github.com/user 200
[debug] [2024-01-09T07:50:50.814Z] <<< [apiv2][body] GET https://api.github.com/user {"login":"Menzy","id":12186252,"node_id":"MDQ6VXNlcjEyMTg2MjUy","avatar_url":"https://avatars.githubusercontent.com/u/12186252?v=4","gravatar_id":"","url":"https://api.github.com/users/Menzy","html_url":"https://github.com/Menzy","followers_url":"https://api.github.com/users/Menzy/followers","following_url":"https://api.github.com/users/Menzy/following{/other_user}","gists_url":"https://api.github.com/users/Menzy/gists{/gist_id}","starred_url":"https://api.github.com/users/Menzy/starred{/owner}{/repo}","subscriptions_url":"https://api.github.com/users/Menzy/subscriptions","organizations_url":"https://api.github.com/users/Menzy/orgs","repos_url":"https://api.github.com/users/Menzy/repos","events_url":"https://api.github.com/users/Menzy/events{/privacy}","received_events_url":"https://api.github.com/users/Menzy/received_events","type":"User","site_admin":false,"name":null,"company":null,"blog":"","location":null,"email":null,"hireable":null,"bio":null,"twitter_username":null,"public_repos":16,"public_gists":0,"followers":9,"following":23,"created_at":"2015-04-30T13:16:14Z","updated_at":"2023-11-08T01:06:20Z","private_gists":0,"total_private_repos":0,"owned_private_repos":0,"disk_usage":8747,"collaborators":0,"two_factor_authentication":false,"plan":{"name":"free","space":976562499,"collaborators":0,"private_repos":10000}}
[info] 
[info] ✔  Success! Logged into GitHub as Menzy 
[info] 
[debug] [2024-01-09T07:51:26.239Z] >>> [apiv2][query] GET https://api.github.com/repos//actions/secrets/public-key type=owner
[debug] [2024-01-09T07:51:26.892Z] <<< [apiv2][status] GET https://api.github.com/repos//actions/secrets/public-key 404
[debug] [2024-01-09T07:51:26.893Z] <<< [apiv2][body] GET https://api.github.com/repos//actions/secrets/public-key {"message":"Not Found","documentation_url":"https://docs.github.com/rest"}
[info] 
[info] 
[error] ⚠  The provided authorization cannot be used with this repository. If this repository is in an organization, did you remember to grant access? 
[info] 
[info] i  Action required: Visit this URL to ensure access has been granted to the appropriate organization(s) for the Firebase CLI GitHub OAuth App: 
[info] https://github.com/settings/connections/applications/89cf50f02ac6aaed3484
[info] 
